This is TeX, Version 3.14159 (Web2C 7.4.5) (format=latex 2010.6.6)  21 MAR 2012 10:45
**Brd_AgeDepth_Unc_v5.tex
(./Brd_AgeDepth_Unc_v5.tex
LaTeX2e <2001/06/01>
Babel <v3.7h> and hyphenation patterns for american, french, german, ngerman, n
ohyphenation, loaded.
(./agutex.cls


 AGUTeX Journal Style, American Geophysical Union 
 This version is dated Feb 9, 2008


Document Class: agutex 02/09/2008
\c@chapter=\count79
\c@section=\count80
\c@subsection=\count81
\c@subsubsection=\count82
\c@figure=\count83
\c@table=\count84
\mathindent=\dimen102
\abovefigcaptionskip=\skip41
\abovetabcaptionskip=\skip42
\abovetableskip=\skip43
\belowtabcaptionskip=\dimen103
\landscapebox=\box26
\c@plate=\count85
\savecurrtable=\box27
\abovetabularskip=\skip44
\belowtabularskip=\skip45
\timing=\count86
\hourcount=\count87
\oldtime=\count88
\totpages=\count89
\belowtitleskip=\dimen104
\abovesubtitleskip=\dimen105
\belowsubtitleskip=\dimen106
\aboveauthorskip=\dimen107
\belowauthorskip=\dimen108
\thanksnum=\count90
\dothanks=\count91
\thankscounter=\count92
\titlethanksnum=\count93
\dotitlethanks=\count94
\titlethankscounter=\count95
\thanksnum=\count96
\dothanks=\count97
\thankscounter=\count98
\authorwidth=\dimen109
\authorbaselineskip=\dimen110
\aboveaffilskip=\dimen111
\belowaffilskip=\dimen112
\affilwidth=\dimen113
\aboveabstractskip=\dimen114
\belowabstractskip=\dimen115
\belowabstractnameskip=\dimen116
\abstractmargin=\dimen117
\abovereceivedskip=\skip46
\aboverevisedskip=\skip47
\aboveacceptedskip=\skip48
\abovepublishededskip=\skip49
\barticle=\box28
\thanksbox=\box29
\titlethanksbox=\box30
\c@appendnum=\count99
\footnum=\count100
\savefootnum=\count101
\ackskip=\skip50
\saveparskip=\dimen118
\captionskip=\dimen119
\PushOneColTopFig=\dimen120
\PushOneColBotFig=\dimen121
\PushOneColTopTab=\dimen122
\PushOneColBotTab=\dimen123
\PushTwoColTopFig=\dimen124
\PushTwoColBotFig=\dimen125
\PushTwoColTopTab=\dimen126
\PushTwoColBotTab=\dimen127
\intextfloatskip=\skip51
\c@appfigure=\count102
\c@apptable=\count103
\c@appplate=\count104
\checkforspace=\dimen128
\savetopinsert=\box31
\savebotinsert=\box32
\secondsavetopinsert=\box33
\secondsavebotinsert=\box34
\firstcolbox=\box35
\secondcolbox=\box36
\thefirstbox=\box37
\thesecondbox=\box38
\firstcol=\dimen129
\secondcol=\dimen130
\checkheight=\dimen131
\loopnum=\count105
\firstcolsavefignum=\count106
\footnotebox=\box39
\ColUsed=\dimen132
\FigSpace=\dimen133
\testdblbotins=\box40
\pageloopnum=\count107
\endcolsavetopinsert=\box41
\endcolsavebotinsert=\box42
\testpagesize=\box43
\savelastskip=\dimen134
\partialpage=\box44
\figandtabnumber=\count108
\figandtabbox=\box45
\pagefloatnumber=\count109
\sizeoffloat=\box46
\bogus=\count110
\figinsert=\insert233
\herebox=\box47
\endfigbox=\box48
\spanbox=\box49
\dbltopins=\box50
\dblbotins=\box51
\dblbotskip=\skip52
\dblfigandtabnumber=\count111
\dblfigandtabbox=\box52
\dblloopnum=\count112
\savedblfigandtabnumber=\count113
\dblspanherebox=\box53
\bigpagenum=\count114
\littlepagenum=\count115
\wholepagenum=\count116
\@cprtype=\count117
\@slugcmmntwidth=\dimen135
\affilnum=\count118
\totalaffils=\count119
\figcount=\count120
\saveequation=\count121
\c@currlett=\count122
\notationwidth=\dimen136
\betweennotationskip=\skip53
\WidestEntry=\dimen137
\premulticols=\dimen138
\page@free=\dimen139
\partial@page=\box54
\multicoltolerance=\count123
\doublecol@number=\count124
\multicolbaselineskip=\skip54
\c@collectmore=\count125
\loopcount=\count126
\fixdimen=\dimen140
\c@unbalance=\count127
\savedimen=\dimen141
\savehsize=\dimen142
\mycolumnwidth=\dimen143
\saveparindent=\dimen144
\saveparskip=\dimen145
\abstractwidth=\dimen146
\currlastnumber=\count128
\altaffilbox=\box55
\sectskip=\skip55
\belowsectionskip=\skip56
\subsectskip=\skip57
\belowsubsectskip=\skip58
\subsubsectskip=\skip59
\belowsubsubsectskip=\skip60
\c@subsubsubsection=\count129
\captionwidth=\dimen147
\widecaptionwidth=\dimen148
\landscapecaptionwidth=\dimen149
\@temptokenb=\toks14
\beforeendskip=\skip61


 JGRGA style option, October 1, 2001,
 \documentclass[jgrga]{AGUTeX}
 ``Journal of Geophysical Research'', 
 Published by American Geophysical Union


\titlesize=\dimen150
LaTeX Info: Redefining \cite on input line 7417.
\c@NAT@ctr=\count130
) (/usr/share/texmf/tex/latex/graphics/graphicx.sty
Package: graphicx 1999/02/16 v1.0f Enhanced LaTeX Graphics (DPC,SPQR)

(/usr/share/texmf/tex/latex/graphics/keyval.sty
Package: keyval 1999/03/16 v1.13 key=value parser (DPC)
\KV@toks@=\toks15
)
(/usr/share/texmf/tex/latex/graphics/graphics.sty
Package: graphics 2001/07/07 v1.0n Standard LaTeX Graphics (DPC,SPQR)

(/usr/share/texmf/tex/latex/graphics/trig.sty
Package: trig 1999/03/16 v1.09 sin cos tan (DPC)
)
(/usr/share/texmf/tex/latex/config/graphics.cfg
File: graphics.cfg 2001/08/31 v1.1 graphics configuration of teTeX/TeXLive
)
Package graphics Info: Driver file: dvips.def on input line 80.

(/usr/share/texmf/tex/latex/graphics/dvips.def
File: dvips.def 1999/02/16 v3.0i Driver-dependant file (DPC,SPQR)
))
\Gin@req@height=\dimen151
\Gin@req@width=\dimen152
) (./Brd_AgeDepth_Unc_v5.aux

LaTeX Warning: Label `accum' multiply defined.


LaTeX Warning: Label `accum' multiply defined.

)
\openout1 = `Brd_AgeDepth_Unc_v5.aux'.

LaTeX Font Info:    Checking defaults for OML/cmm/m/it on input line 23.
LaTeX Font Info:    ... okay on input line 23.
LaTeX Font Info:    Checking defaults for T1/cmr/m/n on input line 23.
LaTeX Font Info:    ... okay on input line 23.
LaTeX Font Info:    Checking defaults for OT1/cmr/m/n on input line 23.
LaTeX Font Info:    ... okay on input line 23.
LaTeX Font Info:    Checking defaults for OMS/cmsy/m/n on input line 23.
LaTeX Font Info:    ... okay on input line 23.
LaTeX Font Info:    Checking defaults for OMX/cmex/m/n on input line 23.
LaTeX Font Info:    ... okay on input line 23.
LaTeX Font Info:    Checking defaults for U/cmr/m/n on input line 23.
LaTeX Font Info:    ... okay on input line 23.
LaTeX Font Info:    External font `cmex10' loaded for size
(Font)              <8> on input line 59.
LaTeX Font Info:    External font `cmex10' loaded for size
(Font)              <6> on input line 59.
LaTeX Font Info:    External font `cmex10' loaded for size
(Font)              <5> on input line 59.

Overfull \hbox (13.44751pt too wide) in paragraph at lines 59--59
\xabstractnamefont Abstract. \foliofootfont Data from radar-sounding sur-veys o
f West Antarc-tica are used to de-ter-mine
 []


Overfull \hbox (14.11984pt too wide) in paragraph at lines 59--59
\foliofootfont the age of ob-served radar hori-zons near the Byrd ice core, Ant
arc-tica [\OT1/cmr/m/it/10 Gow et al.\foliofootfont , 1968].
 []


Overfull \hbox (14.50073pt too wide) in paragraph at lines 59--59
\foliofootfont The model as-sumes no basal melt-ing, zero ve-loc-ity at the bed
, and lin-ear strain rate be-
 []


Underfull \hbox (badness 10000) in paragraph at lines 59--59
\foliofootfont best use of the avail-able data. The anal-y-sis quan-ti-fies ob-
ser-va-tional lim-i-ta-tions of the
 []


Overfull \hbox (17.6953pt too wide) in paragraph at lines 59--59
\foliofootfont anal-y-sis, in-form-ing fu-ture un-cer-tainty re-duc-tion throug
h re-fine-ment of ob-ser-va-tional tech-
 []


Underfull \hbox (badness 10000) in paragraph at lines 59--59

 []

\figandtabbox0=\box56
LaTeX Font Info:    External font `cmex10' loaded for size
(Font)              <9> on input line 60.

Package natbib Warning: Citation `who?' on page 1 undefined on input line 70.

[1

]
Missing character: There is no ^^e2 in font cmr9!
Missing character: There is no ^^80 in font cmr9!
Missing character: There is no ^^99 in font cmr9!


Package natbib Warning: Citation `peters2006' on page 2 undefined on input line
 76.

Missing character: There is no ^^e2 in font cmr9!
Missing character: There is no ^^80 in font cmr9!
Missing character: There is no ^^99 in font cmr9!
Missing character: There is no ^^e2 in font cmr9!
Missing character: There is no ^^80 in font cmr9!
Missing character: There is no ^^9c in font cmr9!
Missing character: There is no ^^e2 in font cmr9!
Missing character: There is no ^^80 in font cmr9!
Missing character: There is no ^^9d in font cmr9!
Missing character: There is no ^^e2 in font cmr9!
Missing character: There is no ^^80 in font cmr9!
Missing character: There is no ^^9c in font cmr9!
Missing character: There is no ^^e2 in font cmr9!
Missing character: There is no ^^80 in font cmr9!
Missing character: There is no ^^9d in font cmr9!
[2]

LaTeX Warning: Reference `depths' on page 3 undefined on input line 206.


LaTeX Warning: Reference `age' on page 3 undefined on input line 211.


Package natbib Warning: Citation `who?' on page 3 undefined on input line 222.


Package natbib Warning: Citation `who?' on page 3 undefined on input line 229.

[3]

Package natbib Warning: Citation `who?' on page 4 undefined on input line 233.


Package natbib Warning: Citation `morland' on page 4 undefined on input line 23
3.

(./Brd_AgeDepth_Unc_v5.bbl)
File: depthhist.eps Graphic file (type eps)
 <depthhist.eps>
File: agehist.eps Graphic file (type eps)
 <agehist.eps>
File: spaghetti_march2012.eps Graphic file (type eps)

<spaghetti_march2012.eps>
File: thickgt150.eps Graphic file (type eps)
 <thickgt150.eps>
File: thickgt1024lt150.eps Graphic file (type eps)
 <thickgt1024lt150.eps>
File: thickgt1294lt150.eps Graphic file (type eps)

<thickgt1294lt150.eps>

! LaTeX Error: Not in outer par mode.

See the LaTeX manual or LaTeX Companion for explanation.
Type  H <return>  for immediate help.
 ...                                              
                                                  
l.284 ^^I\includegraphics
                         {thickgt1294.eps}
? 
File: thickgt1294.eps Graphic file (type eps)
<thickgt1294.eps>

Package natbib Warning: There were undefined citations.

[4] [5] [6] [7] [8] (./Brd_AgeDepth_Unc_v5.aux)

LaTeX Warning: There were undefined references.


LaTeX Warning: There were multiply-defined labels.

 ) 
Here is how much of TeX's memory you used:
 1451 strings out of 95847
 16969 string characters out of 1195949
 87457 words of memory out of 1000001
 4425 multiletter control sequences out of 10000+50000
 12939 words of font info for 44 fonts, out of 500000 for 1000
 14 hyphenation exceptions out of 1000
 25i,6n,24p,1158b,443s stack positions out of 1500i,500n,5000p,200000b,5000s

Output written on Brd_AgeDepth_Unc_v5.dvi (8 pages, 38936 bytes).
