This is pdfTeXk, Version 3.141592-1.40.3 (Web2C 7.5.6) (format=latex 2012.7.24)  3 SEP 2013 13:15
entering extended mode
 %&-line parsing enabled.
**Byrd_AgeDepthUnc_v10.tex
(./Byrd_AgeDepthUnc_v10.tex
LaTeX2e <2005/12/01>
Babel <v3.8h> and hyphenation patterns for english, usenglishmax, dumylang, noh
yphenation, arabic, basque, bulgarian, coptic, welsh, czech, slovak, german, ng
erman, danish, esperanto, spanish, catalan, galician, estonian, farsi, finnish,
 french, greek, monogreek, ancientgreek, croatian, hungarian, interlingua, ibyc
us, indonesian, icelandic, italian, latin, mongolian, dutch, norsk, polish, por
tuguese, pinyin, romanian, russian, slovenian, uppersorbian, serbian, swedish, 
turkish, ukenglish, ukrainian, loaded.
! TeX capacity exceeded, sorry [parameter stack size=6000].
\@onefilewithoptions #1[#2][#3]#4->
                                   \@pushfilename \xdef \@currname {#1}\glob...
l.5 \usepackage[dvips]
                      {graphicx}
If you really absolutely need more capacity,
you can ask a wizard to enlarge me.

 
Here is how much of TeX's memory you used:
 5 strings out of 256217
 191 string characters out of 1917095
 90580 words of memory out of 1500000
 3390 multiletter control sequences out of 10000+200000
 3640 words of font info for 14 fonts, out of 1200000 for 2000
 645 hyphenation exceptions out of 8191
 2573i,0n,6003p,63b,8s stack positions out of 5000i,500n,6000p,200000b,15000s
No pages of output.
