This is pdfTeX, Version 3.14159265-2.6-1.40.16 (TeX Live 2015) (preloaded format=pdflatex 2015.5.24)  30 AUG 2017 12:51
entering extended mode
 restricted \write18 enabled.
 file:line:error style messages enabled.
 %&-line parsing enabled.
**Layers2.tex
(./Layers2.tex
LaTeX2e <2015/01/01>
Babel <3.9l> and hyphenation patterns for 79 languages loaded.
(./AGUTeX.cls


 AGUTeX Journal Style, American Geophysical Union 
 This version is dated Feb 9, 2008



LaTeX Warning: You have requested document class `AGUTeX',
               but the document class provides `agutex'.

Document Class: agutex 02/09/2008
\c@chapter=\count79
\c@section=\count80
\c@subsection=\count81
\c@subsubsection=\count82
\c@figure=\count83
\c@table=\count84
\mathindent=\dimen102
\abovefigcaptionskip=\skip41
\abovetabcaptionskip=\skip42
\abovetableskip=\skip43
\belowtabcaptionskip=\dimen103
\landscapebox=\box26
\c@plate=\count85
\savecurrtable=\box27
\abovetabularskip=\skip44
\belowtabularskip=\skip45
\timing=\count86
\hourcount=\count87
\oldtime=\count88
\totpages=\count89
\belowtitleskip=\dimen104
\abovesubtitleskip=\dimen105
\belowsubtitleskip=\dimen106
\aboveauthorskip=\dimen107
\belowauthorskip=\dimen108
\thanksnum=\count90
\dothanks=\count91
\thankscounter=\count92
\titlethanksnum=\count93
\dotitlethanks=\count94
\titlethankscounter=\count95
\thanksnum=\count96
\dothanks=\count97
\thankscounter=\count98
\authorwidth=\dimen109
\authorbaselineskip=\dimen110
\aboveaffilskip=\dimen111
\belowaffilskip=\dimen112
\affilwidth=\dimen113
\aboveabstractskip=\dimen114
\belowabstractskip=\dimen115
\belowabstractnameskip=\dimen116
\abstractmargin=\dimen117
\abovereceivedskip=\skip46
\aboverevisedskip=\skip47
\aboveacceptedskip=\skip48
\abovepublishededskip=\skip49
\barticle=\box28
\thanksbox=\box29
\titlethanksbox=\box30
\c@appendnum=\count99
\footnum=\count100
\savefootnum=\count101
\ackskip=\skip50
\saveparskip=\dimen118
\captionskip=\dimen119
\PushOneColTopFig=\dimen120
\PushOneColBotFig=\dimen121
\PushOneColTopTab=\dimen122
\PushOneColBotTab=\dimen123
\PushTwoColTopFig=\dimen124
\PushTwoColBotFig=\dimen125
\PushTwoColTopTab=\dimen126
\PushTwoColBotTab=\dimen127
\intextfloatskip=\skip51
\c@appfigure=\count102
\c@apptable=\count103
\c@appplate=\count104
\checkforspace=\dimen128
\savetopinsert=\box31
\savebotinsert=\box32
\secondsavetopinsert=\box33
\secondsavebotinsert=\box34
\firstcolbox=\box35
\secondcolbox=\box36
\thefirstbox=\box37
\thesecondbox=\box38
\firstcol=\dimen129
\secondcol=\dimen130
\checkheight=\dimen131
\loopnum=\count105
\firstcolsavefignum=\count106
\footnotebox=\box39
\ColUsed=\dimen132
\FigSpace=\dimen133
\testdblbotins=\box40
\pageloopnum=\count107
\endcolsavetopinsert=\box41
\endcolsavebotinsert=\box42
\testpagesize=\box43
\savelastskip=\dimen134
\partialpage=\box44
\figandtabnumber=\count108
\figandtabbox=\box45
\pagefloatnumber=\count109
\sizeoffloat=\box46
\bogus=\count110
\figinsert=\insert233
\herebox=\box47
\endfigbox=\box48
\spanbox=\box49
\dbltopins=\box50
\dblbotins=\box51
\dblbotskip=\skip52
\dblfigandtabnumber=\count111
\dblfigandtabbox=\box52
\dblloopnum=\count112
\savedblfigandtabnumber=\count113
\dblspanherebox=\box53
\bigpagenum=\count114
\littlepagenum=\count115
\wholepagenum=\count116
\@cprtype=\count117
\@slugcmmntwidth=\dimen135
\affilnum=\count118
\totalaffils=\count119
\figcount=\count120
\saveequation=\count121
\c@currlett=\count122
\notationwidth=\dimen136
\betweennotationskip=\skip53
\WidestEntry=\dimen137
\premulticols=\dimen138
\page@free=\dimen139
\partial@page=\box54
\multicoltolerance=\count123
\doublecol@number=\count124
\multicolbaselineskip=\skip54
\c@collectmore=\count125
\loopcount=\count126
\fixdimen=\dimen140
\c@unbalance=\count127
\savedimen=\dimen141
\savehsize=\dimen142
\mycolumnwidth=\dimen143
\saveparindent=\dimen144
\saveparskip=\dimen145
\abstractwidth=\dimen146
\currlastnumber=\count128
\altaffilbox=\box55
\sectskip=\skip55
\belowsectionskip=\skip56
\subsectskip=\skip57
\belowsubsectskip=\skip58
\subsubsectskip=\skip59
\belowsubsubsectskip=\skip60
\c@subsubsubsection=\count129
\captionwidth=\dimen147
\widecaptionwidth=\dimen148
\landscapecaptionwidth=\dimen149
\@temptokenb=\toks14
\beforeendskip=\skip61


 JGRGA style option, October 1, 2001,
 \documentclass[jgrga]{AGUTeX}
 ``Journal of Geophysical Research'', 
 Published by American Geophysical Union


\titlesize=\dimen150
LaTeX Info: Redefining \cite on input line 7417.
\c@NAT@ctr=\count130
) (/usr/local/texlive/2015/texmf-dist/tex/latex/amsmath/amsmath.sty
Package: amsmath 2013/01/14 v2.14 AMS math features
\@mathmargin=\skip62

For additional information on amsmath, use the `?' option.
(/usr/local/texlive/2015/texmf-dist/tex/latex/amsmath/amstext.sty
Package: amstext 2000/06/29 v2.01

(/usr/local/texlive/2015/texmf-dist/tex/latex/amsmath/amsgen.sty
File: amsgen.sty 1999/11/30 v2.0
\@emptytoks=\toks15
\ex@=\dimen151
))
(/usr/local/texlive/2015/texmf-dist/tex/latex/amsmath/amsbsy.sty
Package: amsbsy 1999/11/29 v1.2d
\pmbraise@=\dimen152
)
(/usr/local/texlive/2015/texmf-dist/tex/latex/amsmath/amsopn.sty
Package: amsopn 1999/12/14 v2.01 operator names
)
\inf@bad=\count131
LaTeX Info: Redefining \frac on input line 210.
\uproot@=\count132
\leftroot@=\count133
LaTeX Info: Redefining \overline on input line 306.
\classnum@=\count134
\DOTSCASE@=\count135
LaTeX Info: Redefining \ldots on input line 378.
LaTeX Info: Redefining \dots on input line 381.
LaTeX Info: Redefining \cdots on input line 466.
\Mathstrutbox@=\box56
\strutbox@=\box57
\big@size=\dimen153
LaTeX Font Info:    Redeclaring font encoding OML on input line 566.
LaTeX Font Info:    Redeclaring font encoding OMS on input line 567.
\macc@depth=\count136
\c@MaxMatrixCols=\count137
\dotsspace@=\muskip10
\c@parentequation=\count138
\dspbrk@lvl=\count139
\tag@help=\toks16
\row@=\count140
\column@=\count141
\maxfields@=\count142
\andhelp@=\toks17
\eqnshift@=\dimen154
\alignsep@=\dimen155
\tagshift@=\dimen156
\tagwidth@=\dimen157
\totwidth@=\dimen158
\lineht@=\dimen159
\@envbody=\toks18
\multlinegap=\skip63
\multlinetaggap=\skip64
\mathdisplay@stack=\toks19
LaTeX Info: Redefining \[ on input line 2665.
LaTeX Info: Redefining \] on input line 2666.
)
(/usr/local/texlive/2015/texmf-dist/tex/latex/graphics/graphicx.sty
Package: graphicx 2014/10/28 v1.0g Enhanced LaTeX Graphics (DPC,SPQR)

(/usr/local/texlive/2015/texmf-dist/tex/latex/graphics/keyval.sty
Package: keyval 2014/10/28 v1.15 key=value parser (DPC)
\KV@toks@=\toks20
)
(/usr/local/texlive/2015/texmf-dist/tex/latex/graphics/graphics.sty
Package: graphics 2014/10/28 v1.0p Standard LaTeX Graphics (DPC,SPQR)

(/usr/local/texlive/2015/texmf-dist/tex/latex/graphics/trig.sty
Package: trig 1999/03/16 v1.09 sin cos tan (DPC)
)
(/usr/local/texlive/2015/texmf-dist/tex/latex/latexconfig/graphics.cfg
File: graphics.cfg 2010/04/23 v1.9 graphics configuration of TeX Live
)
Package graphics Info: Driver file: pdftex.def on input line 94.

(/usr/local/texlive/2015/texmf-dist/tex/latex/pdftex-def/pdftex.def
File: pdftex.def 2011/05/27 v0.06d Graphics/color for pdfTeX

(/usr/local/texlive/2015/texmf-dist/tex/generic/oberdiek/infwarerr.sty
Package: infwarerr 2010/04/08 v1.3 Providing info/warning/error messages (HO)
)
(/usr/local/texlive/2015/texmf-dist/tex/generic/oberdiek/ltxcmds.sty
Package: ltxcmds 2011/11/09 v1.22 LaTeX kernel commands for general use (HO)
)
\Gread@gobject=\count143
))
\Gin@req@height=\dimen160
\Gin@req@width=\dimen161
)
(/usr/local/texlive/2015/texmf-dist/tex/latex/multirow/multirow.sty
\bigstrutjot=\dimen162
)
(/usr/local/texlive/2015/texmf-dist/tex/latex/mathtools/mathtools.sty
Package: mathtools 2015/05/11 v1.16 mathematical typesetting tools

(/usr/local/texlive/2015/texmf-dist/tex/latex/tools/calc.sty
Package: calc 2014/10/28 v4.3 Infix arithmetic (KKT,FJ)
\calc@Acount=\count144
\calc@Bcount=\count145
\calc@Adimen=\dimen163
\calc@Bdimen=\dimen164
\calc@Askip=\skip65
\calc@Bskip=\skip66
LaTeX Info: Redefining \setlength on input line 80.
LaTeX Info: Redefining \addtolength on input line 81.
\calc@Ccount=\count146
\calc@Cskip=\skip67
)
(/usr/local/texlive/2015/texmf-dist/tex/latex/mathtools/mhsetup.sty
Package: mhsetup 2010/01/21 v1.2a programming setup (MH)
)
LaTeX Info: Thecontrolsequence`\('isalreadyrobust on input line 129.
LaTeX Info: Thecontrolsequence`\)'isalreadyrobust on input line 129.
LaTeX Info: Thecontrolsequence`\['isalreadyrobust on input line 129.
LaTeX Info: Thecontrolsequence`\]'isalreadyrobust on input line 129.
\g_MT_multlinerow_int=\count147
\l_MT_multwidth_dim=\dimen165
\origjot=\skip68
\l_MT_shortvdotswithinadjustabove_dim=\dimen166
\l_MT_shortvdotswithinadjustbelow_dim=\dimen167
\l_MT_above_intertext_sep=\dimen168
\l_MT_below_intertext_sep=\dimen169
\l_MT_above_shortintertext_sep=\dimen170
\l_MT_below_shortintertext_sep=\dimen171
)
(/usr/local/texlive/2015/texmf-dist/tex/latex/chngcntr/chngcntr.sty
Package: chngcntr 2009/09/02 v1.0a change counter resetting
)
(./Layers2.aux)
\openout1 = `Layers2.aux'.

LaTeX Font Info:    Checking defaults for OML/cmm/m/it on input line 148.
LaTeX Font Info:    ... okay on input line 148.
LaTeX Font Info:    Checking defaults for T1/cmr/m/n on input line 148.
LaTeX Font Info:    ... okay on input line 148.
LaTeX Font Info:    Checking defaults for OT1/cmr/m/n on input line 148.
LaTeX Font Info:    ... okay on input line 148.
LaTeX Font Info:    Checking defaults for OMS/cmsy/m/n on input line 148.
LaTeX Font Info:    ... okay on input line 148.
LaTeX Font Info:    Checking defaults for OMX/cmex/m/n on input line 148.
LaTeX Font Info:    ... okay on input line 148.
LaTeX Font Info:    Checking defaults for U/cmr/m/n on input line 148.
LaTeX Font Info:    ... okay on input line 148.

(/usr/local/texlive/2015/texmf-dist/tex/context/base/supp-pdf.mkii
[Loading MPS to PDF converter (version 2006.09.02).]
\scratchcounter=\count148
\scratchdimen=\dimen172
\scratchbox=\box58
\nofMPsegments=\count149
\nofMParguments=\count150
\everyMPshowfont=\toks21
\MPscratchCnt=\count151
\MPscratchDim=\dimen173
\MPnumerator=\count152
\makeMPintoPDFobject=\count153
\everyMPtoPDFconversion=\toks22
) (/usr/local/texlive/2015/texmf-dist/tex/generic/oberdiek/pdftexcmds.sty
Package: pdftexcmds 2011/11/29 v0.20 Utility functions of pdfTeX for LuaTeX (HO
)

(/usr/local/texlive/2015/texmf-dist/tex/generic/oberdiek/ifluatex.sty
Package: ifluatex 2010/03/01 v1.3 Provides the ifluatex switch (HO)
Package ifluatex Info: LuaTeX not detected.
)
(/usr/local/texlive/2015/texmf-dist/tex/generic/oberdiek/ifpdf.sty
Package: ifpdf 2011/01/30 v2.3 Provides the ifpdf switch (HO)
Package ifpdf Info: pdfTeX in PDF mode is detected.
)
Package pdftexcmds Info: LuaTeX not detected.
Package pdftexcmds Info: \pdf@primitive is available.
Package pdftexcmds Info: \pdf@ifprimitive is available.
Package pdftexcmds Info: \pdfdraftmode found.
)
(/usr/local/texlive/2015/texmf-dist/tex/latex/oberdiek/epstopdf-base.sty
Package: epstopdf-base 2010/02/09 v2.5 Base part for package epstopdf

(/usr/local/texlive/2015/texmf-dist/tex/latex/oberdiek/grfext.sty
Package: grfext 2010/08/19 v1.1 Manage graphics extensions (HO)

(/usr/local/texlive/2015/texmf-dist/tex/generic/oberdiek/kvdefinekeys.sty
Package: kvdefinekeys 2011/04/07 v1.3 Define keys (HO)
))
(/usr/local/texlive/2015/texmf-dist/tex/latex/oberdiek/kvoptions.sty
Package: kvoptions 2011/06/30 v3.11 Key value format for package options (HO)

(/usr/local/texlive/2015/texmf-dist/tex/generic/oberdiek/kvsetkeys.sty
Package: kvsetkeys 2012/04/25 v1.16 Key value parser (HO)

(/usr/local/texlive/2015/texmf-dist/tex/generic/oberdiek/etexcmds.sty
Package: etexcmds 2011/02/16 v1.5 Avoid name clashes with e-TeX commands (HO)
Package etexcmds Info: Could not find \expanded.
(etexcmds)             That can mean that you are not using pdfTeX 1.50 or
(etexcmds)             that some package has redefined \expanded.
(etexcmds)             In the latter case, load this package earlier.
)))
Package grfext Info: Graphics extension search list:
(grfext)             [.png,.pdf,.jpg,.mps,.jpeg,.jbig2,.jb2,.PNG,.PDF,.JPG,.JPE
G,.JBIG2,.JB2,.eps]
(grfext)             \AppendGraphicsExtensions on input line 452.

(/usr/local/texlive/2015/texmf-dist/tex/latex/latexconfig/epstopdf-sys.cfg
File: epstopdf-sys.cfg 2010/07/13 v1.3 Configuration of (r)epstopdf for TeX Liv
e
))
[1{/usr/local/texlive/2015/texmf-var/fonts/map/pdftex/updmap/pdftex.map}

]
(./Sections/abstract.tex
Overfull \hbox (27.69125pt too wide) in paragraph at lines 224--2
\OT1/cmr/bx/n/12 Abstract.   \OT1/cmr/m/n/12 Englacial radar re-flec-tors in th
e cen-tral West Antarc-tic Ice Sheet
 []


Overfull \hbox (15.55736pt too wide) in paragraph at lines 224--2
\OT1/cmr/m/n/12 (WAIS) con-tain in-for-ma-tion about past dy-nam-ics and ice pr
op-er-ties. Thanks
 []


Overfull \hbox (16.38388pt too wide) in paragraph at lines 224--2
\OT1/cmr/m/n/12 of Thwaites Glacier and the Siple Coast ice streams. How-ever, 
the deep Byrd
 []

)
Overfull \hbox (17.12541pt too wide) in paragraph at lines 3--224
[]\OT1/cmr/m/n/12 Here we de-ter-mine ages with un-cer-tainty for a se-ries of 
four englacial radar
 []


Overfull \hbox (13.38663pt too wide) in paragraph at lines 3--224
\OT1/cmr/m/n/12 a pos-te-rior rep-re-sent-ing the prob-a-bil-ity dis-tri-bu-tio
n of depth and age for ob-
 []


Overfull \hbox (25.85455pt too wide) in paragraph at lines 3--224
\OT1/cmr/m/n/12 served radar re-flec-tors while al-low-ing for cor-re-la-tion o
f er-rors be-tween ice sheet
 []


Underfull \hbox (badness 10000) in paragraph at lines 3--224
\OT1/cmr/m/n/12 pa-ram-e-ters with depth. We present a com-plete age-depth pro-
file es-ti-mate
 []


Underfull \hbox (badness 10000) in paragraph at lines 3--224
\OT1/cmr/m/n/12 with un-cer-tainty for the Byrd ice core which com-pares fa-vor
-ably with the
 []

[2] (./Sections/introduction.tex [3]) (./Sections/bayesianInversion.tex
[4] [5] [6] (./Sections/flowModel.tex [7]) (./Sections/depthError.tex [8]
<figures/Fig1_WAISall_bed2.pdf, id=39, 769.37437pt x 620.91972pt>
File: figures/Fig1_WAISall_bed2.pdf Graphic file (type pdf)

<use figures/Fig1_WAISall_bed2.pdf>
Package pdftex.def Info: figures/Fig1_WAISall_bed2.pdf used on input line 7.
(pdftex.def)             Requested size: 384.68625pt x 310.45909pt.

<figures/byrd_layers_radargram.pdf, id=40, 2457.18pt x 1589.94pt>
File: figures/byrd_layers_radargram.pdf Graphic file (type pdf)

<use figures/byrd_layers_radargram.pdf>
Package pdftex.def Info: figures/byrd_layers_radargram.pdf used on input line 1
9.
(pdftex.def)             Requested size: 491.42729pt x 317.98236pt.
 [9] [10]) (./Sections/metropolis.tex
[11]

LaTeX Warning: Reference `sec:sigmatwtt' on page 12 undefined on input line 18.



LaTeX Warning: Reference `sec:volcanic' on page 12 undefined on input line 22.

[12])) (./Sections/agedepthresults.tex [13]

LaTeX Warning: Reference `fig:depthconvergence' on page 14 undefined on input l
ine 10.

<../analysis/figures/agedepthhisto.png, id=58, 1062.8508pt x 655.248pt>
File: ../analysis/figures/agedepthhisto.png Graphic file (type png)

<use ../analysis/figures/agedepthhisto.png>
Package pdftex.def Info: ../analysis/figures/agedepthhisto.png used on input li
ne 45.
(pdftex.def)             Requested size: 425.13278pt x 262.09456pt.

<../analysis/figures/spaghetti.png, id=59, 1062.8508pt x 655.248pt>
File: ../analysis/figures/spaghetti.png Graphic file (type png)

<use ../analysis/figures/spaghetti.png>
Package pdftex.def Info: ../analysis/figures/spaghetti.png used on input line 5
4.
(pdftex.def)             Requested size: 425.13278pt x 262.09456pt.
) (./Sections/discussion.tex [14]
[15]) (./Sections/conclusion.tex [16]) (./Sections/appendix.tex [17]
<../analysis/figures/cost.png, id=72, 1062.8508pt x 655.248pt>
File: ../analysis/figures/cost.png Graphic file (type png)

<use ../analysis/figures/cost.png>
Package pdftex.def Info: ../analysis/figures/cost.png used on input line 18.
(pdftex.def)             Requested size: 425.13278pt x 262.09456pt.

<../analysis/figures/regularization.png, id=73, 1062.8508pt x 655.248pt>
File: ../analysis/figures/regularization.png Graphic file (type png)

<use ../analysis/figures/regularization.png>
Package pdftex.def Info: ../analysis/figures/regularization.png used on input l
ine 39.
(pdftex.def)             Requested size: 425.13278pt x 262.09456pt.
 [18]
<../analysis/figures/keCompare_tweaked.png, id=77, 1881.0275pt x 722.7pt>
File: ../analysis/figures/keCompare_tweaked.png Graphic file (type png)

<use ../analysis/figures/keCompare_tweaked.png>
Package pdftex.def Info: ../analysis/figures/keCompare_tweaked.png used on inpu
t line 82.
(pdftex.def)             Requested size: 658.3695pt x 252.94878pt.

<../analysis/figures/convergence1.png, id=78, 1062.8508pt x 655.248pt>
File: ../analysis/figures/convergence1.png Graphic file (type png)

<use ../analysis/figures/convergence1.png>
Package pdftex.def Info: ../analysis/figures/convergence1.png used on input lin
e 94.
(pdftex.def)             Requested size: 425.13278pt x 262.09456pt.

<../analysis/figures/accumdepthSorted.png, id=79, 1062.8508pt x 655.248pt>
File: ../analysis/figures/accumdepthSorted.png Graphic file (type png)

<use ../analysis/figures/accumdepthSorted.png>
Package pdftex.def Info: ../analysis/figures/accumdepthSorted.png used on input
 line 106.
(pdftex.def)             Requested size: 425.13278pt x 262.09456pt.
 [19]
<../analysis/figures/convergence2.png, id=84, 1062.8508pt x 655.248pt>
File: ../analysis/figures/convergence2.png Graphic file (type png)

<use ../analysis/figures/convergence2.png>
Package pdftex.def Info: ../analysis/figures/convergence2.png used on input lin
e 121.
(pdftex.def)             Requested size: 425.13278pt x 262.09456pt.

<../analysis/figures/accumCorrelation.png, id=85, 1062.8508pt x 655.248pt>
File: ../analysis/figures/accumCorrelation.png Graphic file (type png)

<use ../analysis/figures/accumCorrelation.png>
Package pdftex.def Info: ../analysis/figures/accumCorrelation.png used on input
 line 131.
(pdftex.def)             Requested size: 425.13278pt x 262.09456pt.
) (./Layers2.bbl [20] [21])
[22] [23 <./figures/Fig1_WAISall_bed2.pdf>] [24 <./figures/byrd_layers_radargra
m.pdf>] [25 <../analysis/figures/agedepthhisto.png (PNG copy)>] [26 <../analysi
s/figures/spaghetti.png (PNG copy)>] [27 <../analysis/figures/cost.png (PNG cop
y)>] [28 <../analysis/figures/regularization.png (PNG copy)>] [29 <../analysis/
figures/keCompare_tweaked.png (PNG copy)>] [30 <../analysis/figures/convergence
1.png (PNG copy)>] [31 <../analysis/figures/accumdepthSorted.png (PNG copy)>]
[32 <../analysis/figures/convergence2.png (PNG copy)>] [33 <../analysis/figures
/accumCorrelation.png (PNG copy)>] (./Layers2.aux)

LaTeX Warning: There were undefined references.


LaTeX Warning: Label(s) may have changed. Rerun to get cross-references right.

 ) 
Here is how much of TeX's memory you used:
 3652 strings out of 493089
 51681 string characters out of 6134842
 136447 words of memory out of 5000000
 7063 multiletter control sequences out of 15000+600000
 13991 words of font info for 49 fonts, out of 8000000 for 9000
 1141 hyphenation exceptions out of 8191
 38i,16n,26p,1245b,426s stack positions out of 5000i,500n,10000p,200000b,80000s
</usr/local/texlive/2015/texmf-dist/fonts/type1/public/amsfonts/cm/cmbx12.pfb
></usr/local/texlive/2015/texmf-dist/fonts/type1/public/amsfonts/cm/cmex10.pfb>
</usr/local/texlive/2015/texmf-dist/fonts/type1/public/amsfonts/cm/cmmi12.pfb><
/usr/local/texlive/2015/texmf-dist/fonts/type1/public/amsfonts/cm/cmmi6.pfb></u
sr/local/texlive/2015/texmf-dist/fonts/type1/public/amsfonts/cm/cmmi8.pfb></usr
/local/texlive/2015/texmf-dist/fonts/type1/public/amsfonts/cm/cmr10.pfb></usr/l
ocal/texlive/2015/texmf-dist/fonts/type1/public/amsfonts/cm/cmr12.pfb></usr/loc
al/texlive/2015/texmf-dist/fonts/type1/public/amsfonts/cm/cmr8.pfb></usr/local/
texlive/2015/texmf-dist/fonts/type1/public/amsfonts/cm/cmsy10.pfb></usr/local/t
exlive/2015/texmf-dist/fonts/type1/public/amsfonts/cm/cmsy8.pfb></usr/local/tex
live/2015/texmf-dist/fonts/type1/public/amsfonts/cm/cmti12.pfb></usr/local/texl
ive/2015/texmf-dist/fonts/type1/public/amsfonts/cm/cmtt12.pfb>
Output written on Layers2.pdf (33 pages, 11754333 bytes).
PDF statistics:
 5429 PDF objects out of 6186 (max. 8388607)
 2729 compressed objects within 28 object streams
 0 named destinations out of 1000 (max. 500000)
 56 words of extra memory for PDF output out of 10000 (max. 10000000)

